<?xml version="1.0" encoding="UTF-8"?>
<!-- Generated by org.testng.reporters.JUnitReportReporter -->
<testsuite hostname="Harish" failures="0" tests="1" name="CCC.Amazon.MobileSelection" time="82.749" errors="0" timestamp="2022-09-17T10:47:51 IST" skipped="0">
  <testcase classname="CCC.Amazon.MobileSelection" name="mobileSelection" time="82.749"/>
  <system-out/>
</testsuite> <!-- CCC.Amazon.MobileSelection -->
